<?xml version="1.0" encoding="UTF-8"?>
<testsuite name="ru.netology.test.SadPathTest" tests="12" skipped="0" failures="0" errors="0" timestamp="2021-08-26T18:20:19" hostname="DESKTOP-5UO6581" time="13.206">
  <properties/>
  <testcase name="Негативный сценарий. Покупка в кредит с незаполненными данными." classname="ru.netology.test.SadPathTest" time="1.13"/>
  <testcase name="Негативный сценарий. Покупка в кредит с незаполненными данными поля Владелец." classname="ru.netology.test.SadPathTest" time="1.073"/>
  <testcase name="Негативный сценарий. Покупка в кредит с незаполненными данными поля Месяц." classname="ru.netology.test.SadPathTest" time="1.134"/>
  <testcase name="Негативный сценарий. Покупка в кредит с незаполненными данными поля CVV." classname="ru.netology.test.SadPathTest" time="1.063"/>
  <testcase name="Негативный сценарий. Покупка в кредит с незаполненными данными карты." classname="ru.netology.test.SadPathTest" time="1.148"/>
  <testcase name="Негативный сценарий. Покупка в кредит с незаполненными данными поля Год." classname="ru.netology.test.SadPathTest" time="1.118"/>
  <testcase name="Негативный сценарий. Покупка с незаполненными данными поля Месяц." classname="ru.netology.test.SadPathTest" time="1.106"/>
  <testcase name="Негативный сценарий. Покупка с незаполненными данными." classname="ru.netology.test.SadPathTest" time="1.02"/>
  <testcase name="Негативный сценарий. Покупка с незаполненными данными карты." classname="ru.netology.test.SadPathTest" time="1.093"/>
  <testcase name="Негативный сценарий. Покупка с незаполненными данными поля Год." classname="ru.netology.test.SadPathTest" time="1.139"/>
  <testcase name="Негативный сценарий. Покупка с незаполненными данными поля Владелец." classname="ru.netology.test.SadPathTest" time="1.108"/>
  <testcase name="Негативный сценарий. Покупка с незаполненными данными поля CVV." classname="ru.netology.test.SadPathTest" time="1.041"/>
  <system-out><![CDATA[]]></system-out>
  <system-err><![CDATA[]]></system-err>
</testsuite>
